<?xml version="1.0" encoding="UTF-8"?>
<!-- Generated by org.testng.reporters.JUnitReportReporter -->
<testsuite skipped="0" hostname="LAPTOP-IINUTUEU" name="fan.MotoFan" tests="1" failures="0" timestamp="06 Jul 2017 19:10:20 GMT" time="0.014" errors="0">
  <testcase name="TestA" time="0.014" classname="fan.MotoFan"/>
</testsuite> <!-- fan.MotoFan -->
